{"level":"info","message":"Logger working perfectly","service":"user-service"}
{"level":"info","message":"Server is running on http://localhost:3000","service":"user-service"}
{"level":"info","message":"Logger working perfectly","service":"user-service"}
{"level":"info","message":"Server is running on http://localhost:3000","service":"user-service"}
{"level":"info","message":"Logger working perfectly","service":"user-service"}
{"level":"info","message":"Server is running on http://localhost:3000","service":"user-service"}
{"level":"info","message":"Logger working perfectly","service":"user-service"}
{"level":"info","message":"Server is running on http://localhost:3000","service":"user-service"}
{"level":"error","message":"Error creating service: Operation `Service.findOne()` buffering timed out after 10000ms","service":"user-service","stack":"MongooseError: Operation `Service.findOne()` buffering timed out after 10000ms\n    at Timeout.<anonymous> (D:\\laundaryAPP\\node_modules\\mongoose\\lib\\drivers\\node-mongodb-native\\collection.js:187:23)\n    at listOnTimeout (node:internal/timers:588:17)\n    at processTimers (node:internal/timers:523:7)"}
{"level":"info","message":"Logger working perfectly","service":"service"}
{"level":"info","message":"Server is running on http://localhost:3000","service":"service"}
{"level":"error","message":"Error creating service: Operation `Service.findOne()` buffering timed out after 10000ms","service":"service","stack":"MongooseError: Operation `Service.findOne()` buffering timed out after 10000ms\n    at Timeout.<anonymous> (D:\\laundaryAPP\\node_modules\\mongoose\\lib\\drivers\\node-mongodb-native\\collection.js:187:23)\n    at listOnTimeout (node:internal/timers:588:17)\n    at processTimers (node:internal/timers:523:7)"}
{"level":"info","message":"Logger working perfectly","service":"service"}
{"level":"info","message":"Server is running on http://localhost:3000","service":"service"}
{"level":"info","message":"Logger working perfectly","service":"service"}
{"level":"info","message":"Server is running on http://localhost:3000","service":"service"}
{"level":"info","message":"Logger working perfectly","service":"service"}
{"level":"info","message":"Server is running on http://localhost:3000","service":"service"}
{"level":"info","message":"Logger working perfectly","service":"service"}
{"level":"info","message":"Server is running on http://localhost:3000","service":"service"}
{"level":"error","message":"Error creating service: Operation `Service.findOne()` buffering timed out after 10000ms","service":"service","stack":"MongooseError: Operation `Service.findOne()` buffering timed out after 10000ms\n    at Timeout.<anonymous> (D:\\laundaryAPP\\node_modules\\mongoose\\lib\\drivers\\node-mongodb-native\\collection.js:187:23)\n    at listOnTimeout (node:internal/timers:588:17)\n    at processTimers (node:internal/timers:523:7)"}
{"level":"error","message":"Error creating service: Operation `Service.findOne()` buffering timed out after 10000ms","service":"service","stack":"MongooseError: Operation `Service.findOne()` buffering timed out after 10000ms\n    at Timeout.<anonymous> (D:\\laundaryAPP\\node_modules\\mongoose\\lib\\drivers\\node-mongodb-native\\collection.js:187:23)\n    at listOnTimeout (node:internal/timers:588:17)\n    at processTimers (node:internal/timers:523:7)"}
{"level":"info","message":"Logger working perfectly","service":"service"}
{"level":"info","message":"Server is running on http://localhost:3000","service":"service"}
{"level":"info","message":"Logger working perfectly","service":"service"}
{"level":"info","message":"Server is running on http://localhost:3000","service":"service"}
{"level":"info","message":"Connected to DB","service":"service"}
{"level":"info","message":"Database connection established","service":"service"}
{"level":"info","message":"Logger working perfectly","service":"service"}
{"level":"info","message":"Server is running on http://localhost:3000","service":"service"}
{"level":"info","message":"Connected to DB","service":"service"}
{"level":"info","message":"Database connection established","service":"service"}
{"level":"info","message":"Logger working perfectly","service":"service"}
{"level":"info","message":"Server is running on http://localhost:3000","service":"service"}
{"level":"info","message":"Connected to DB","service":"service"}
{"level":"info","message":"Database connection established","service":"service"}
{"level":"info","message":"Logger working perfectly","service":"service"}
{"level":"info","message":"Server is running on http://localhost:3000","service":"service"}
{"level":"info","message":"Connected to DB","service":"service"}
{"level":"info","message":"Database connection established","service":"service"}
{"level":"info","message":"Logger working perfectly","service":"service"}
{"level":"info","message":"Server is running on http://localhost:3000","service":"service"}
{"level":"info","message":"Connected to DB","service":"service"}
{"level":"info","message":"Database connection established","service":"service"}
